Arguments: 
  /Users/nyol/.nvm/versions/node/v14.17.6/bin/node /usr/local/Cellar/yarn/1.22.10/libexec/bin/yarn.js init -y

PATH: 
  /Users/nyol/.nvm/versions/node/v14.17.6/bin:/Library/Frameworks/Python.framework/Versions/3.8/bin:/Library/Frameworks/Python.framework/Versions/3.7/bin:/Library/Frameworks/Python.framework/Versions/3.9/bin:/usr/local/bin:/usr/bin:/bin:/usr/sbin:/sbin:/Users/nyol/opt/anaconda3/bin:/Users/nyol/opt/anaconda3/condabin:/Library/Frameworks/Python.framework/Versions/3.8/bin:/Library/Frameworks/Python.framework/Versions/3.7/bin:/Library/Frameworks/Python.framework/Versions/3.9/bin

Yarn version: 
  1.22.10

Node version: 
  14.17.6

Platform: 
  darwin x64

Trace: 
  SyntaxError: /Users/nyol/Desktop/_/Study/React/vanilla-redux-2/package.json: Unexpected end of JSON input
      at JSON.parse (<anonymous>)
      at /usr/local/Cellar/yarn/1.22.10/libexec/lib/cli.js:1625:59
      at Generator.next (<anonymous>)
      at step (/usr/local/Cellar/yarn/1.22.10/libexec/lib/cli.js:310:30)
      at /usr/local/Cellar/yarn/1.22.10/libexec/lib/cli.js:321:13

npm manifest: 
  

yarn manifest: 
  No manifest

Lockfile: 
  No lockfile
